[4.518s] DEBUG:colcon:Command line arguments: ['/usr/bin/colcon', 'build']
[4.518s] DEBUG:colcon:Parsed command line arguments: Namespace(log_base=None, log_level=None, verb_name='build', build_base='build', install_base='install', merge_install=False, symlink_install=False, test_result_base=None, continue_on_error=False, executor='parallel', parallel_workers=8, event_handlers=None, ignore_user_meta=False, metas=['./colcon.meta'], base_paths=['.'], packages_ignore=None, packages_ignore_regex=None, paths=None, packages_up_to=None, packages_up_to_regex=None, packages_above=None, packages_above_and_dependencies=None, packages_above_depth=None, packages_select_by_dep=None, packages_skip_by_dep=None, packages_skip_up_to=None, packages_select_build_failed=False, packages_skip_build_finished=False, packages_select_test_failures=False, packages_skip_test_passed=False, packages_select=None, packages_skip=None, packages_select_regex=None, packages_skip_regex=None, packages_start=None, packages_end=None, cmake_args=None, cmake_target=None, cmake_target_skip_unavailable=False, cmake_clean_cache=False, cmake_clean_first=False, cmake_force_configure=False, ament_cmake_args=None, catkin_cmake_args=None, catkin_skip_building_tests=False, mixin_files=None, mixin=None, verb_parser=<colcon_mixin.mixin.mixin_argument.MixinArgumentDecorator object at 0x7f94f86c97e0>, verb_extension=<colcon_core.verb.build.BuildVerb object at 0x7f94f9019030>, main=<bound method BuildVerb.main of <colcon_core.verb.build.BuildVerb object at 0x7f94f9019030>>, mixin_verb=('build',))
[4.832s] Level 1:colcon.colcon_core.package_discovery:discover_packages(colcon_meta) check parameters
[4.833s] Level 1:colcon.colcon_core.package_discovery:discover_packages(recursive) check parameters
[4.833s] Level 1:colcon.colcon_core.package_discovery:discover_packages(ignore) check parameters
[4.833s] Level 1:colcon.colcon_core.package_discovery:discover_packages(path) check parameters
[4.833s] Level 1:colcon.colcon_core.package_discovery:discover_packages(colcon_meta) discover
[4.833s] Level 1:colcon.colcon_core.package_discovery:discover_packages(recursive) discover
[4.833s] INFO:colcon.colcon_core.package_discovery:Crawling recursively for packages in '/home/user/dev_ws'
[4.833s] Level 1:colcon.colcon_core.package_identification:_identify(.) by extensions ['ignore', 'ignore_ament_install']
[4.833s] Level 1:colcon.colcon_core.package_identification:_identify(.) by extension 'ignore'
[4.834s] Level 1:colcon.colcon_core.package_identification:_identify(.) by extension 'ignore_ament_install'
[4.834s] Level 1:colcon.colcon_core.package_identification:_identify(.) by extensions ['colcon_pkg']
[4.834s] Level 1:colcon.colcon_core.package_identification:_identify(.) by extension 'colcon_pkg'
[4.834s] Level 1:colcon.colcon_core.package_identification:_identify(.) by extensions ['colcon_meta']
[4.834s] Level 1:colcon.colcon_core.package_identification:_identify(.) by extension 'colcon_meta'
[4.834s] Level 1:colcon.colcon_core.package_identification:_identify(.) by extensions ['ros']
[4.834s] Level 1:colcon.colcon_core.package_identification:_identify(.) by extension 'ros'
[4.866s] Level 1:colcon.colcon_core.package_identification:_identify(.) by extensions ['cmake', 'python']
[4.866s] Level 1:colcon.colcon_core.package_identification:_identify(.) by extension 'cmake'
[4.866s] Level 1:colcon.colcon_core.package_identification:_identify(.) by extension 'python'
[4.866s] Level 1:colcon.colcon_core.package_identification:_identify(.) by extensions ['python_setup_py']
[4.866s] Level 1:colcon.colcon_core.package_identification:_identify(.) by extension 'python_setup_py'
[4.867s] Level 1:colcon.colcon_core.package_identification:_identify(build) by extensions ['ignore', 'ignore_ament_install']
[4.867s] Level 1:colcon.colcon_core.package_identification:_identify(build) by extension 'ignore'
[4.867s] Level 1:colcon.colcon_core.package_identification:_identify(build) ignored
[4.867s] Level 1:colcon.colcon_core.package_identification:_identify(install) by extensions ['ignore', 'ignore_ament_install']
[4.867s] Level 1:colcon.colcon_core.package_identification:_identify(install) by extension 'ignore'
[4.867s] Level 1:colcon.colcon_core.package_identification:_identify(install) ignored
[4.867s] Level 1:colcon.colcon_core.package_identification:_identify(log) by extensions ['ignore', 'ignore_ament_install']
[4.868s] Level 1:colcon.colcon_core.package_identification:_identify(log) by extension 'ignore'
[4.868s] Level 1:colcon.colcon_core.package_identification:_identify(log) ignored
[4.868s] Level 1:colcon.colcon_core.package_identification:_identify(src) by extensions ['ignore', 'ignore_ament_install']
[4.868s] Level 1:colcon.colcon_core.package_identification:_identify(src) by extension 'ignore'
[4.868s] Level 1:colcon.colcon_core.package_identification:_identify(src) by extension 'ignore_ament_install'
[4.868s] Level 1:colcon.colcon_core.package_identification:_identify(src) by extensions ['colcon_pkg']
[4.868s] Level 1:colcon.colcon_core.package_identification:_identify(src) by extension 'colcon_pkg'
[4.868s] Level 1:colcon.colcon_core.package_identification:_identify(src) by extensions ['colcon_meta']
[4.868s] Level 1:colcon.colcon_core.package_identification:_identify(src) by extension 'colcon_meta'
[4.868s] Level 1:colcon.colcon_core.package_identification:_identify(src) by extensions ['ros']
[4.869s] Level 1:colcon.colcon_core.package_identification:_identify(src) by extension 'ros'
[4.869s] Level 1:colcon.colcon_core.package_identification:_identify(src) by extensions ['cmake', 'python']
[4.869s] Level 1:colcon.colcon_core.package_identification:_identify(src) by extension 'cmake'
[4.869s] Level 1:colcon.colcon_core.package_identification:_identify(src) by extension 'python'
[4.869s] Level 1:colcon.colcon_core.package_identification:_identify(src) by extensions ['python_setup_py']
[4.869s] Level 1:colcon.colcon_core.package_identification:_identify(src) by extension 'python_setup_py'
[4.869s] Level 1:colcon.colcon_core.package_identification:_identify(src/testbot) by extensions ['ignore', 'ignore_ament_install']
[4.869s] Level 1:colcon.colcon_core.package_identification:_identify(src/testbot) by extension 'ignore'
[4.870s] Level 1:colcon.colcon_core.package_identification:_identify(src/testbot) by extension 'ignore_ament_install'
[4.870s] Level 1:colcon.colcon_core.package_identification:_identify(src/testbot) by extensions ['colcon_pkg']
[4.870s] Level 1:colcon.colcon_core.package_identification:_identify(src/testbot) by extension 'colcon_pkg'
[4.870s] Level 1:colcon.colcon_core.package_identification:_identify(src/testbot) by extensions ['colcon_meta']
[4.870s] Level 1:colcon.colcon_core.package_identification:_identify(src/testbot) by extension 'colcon_meta'
[4.870s] Level 1:colcon.colcon_core.package_identification:_identify(src/testbot) by extensions ['ros']
[4.870s] Level 1:colcon.colcon_core.package_identification:_identify(src/testbot) by extension 'ros'
[4.874s] DEBUG:colcon.colcon_core.package_identification:Package 'src/testbot' with type 'ros.ament_cmake' and name 'testbot'
[4.874s] Level 1:colcon.colcon_core.package_discovery:discover_packages(recursive) using defaults
[4.874s] Level 1:colcon.colcon_core.package_discovery:discover_packages(ignore) discover
[4.874s] Level 1:colcon.colcon_core.package_discovery:discover_packages(ignore) using defaults
[4.874s] Level 1:colcon.colcon_core.package_discovery:discover_packages(path) discover
[4.874s] Level 1:colcon.colcon_core.package_discovery:discover_packages(path) using defaults
[4.923s] Level 5:colcon.colcon_core.verb:set package 'testbot' build argument 'cmake_args' from command line to 'None'
[4.923s] Level 5:colcon.colcon_core.verb:set package 'testbot' build argument 'cmake_target' from command line to 'None'
[4.923s] Level 5:colcon.colcon_core.verb:set package 'testbot' build argument 'cmake_target_skip_unavailable' from command line to 'False'
[4.923s] Level 5:colcon.colcon_core.verb:set package 'testbot' build argument 'cmake_clean_cache' from command line to 'False'
[4.923s] Level 5:colcon.colcon_core.verb:set package 'testbot' build argument 'cmake_clean_first' from command line to 'False'
[4.923s] Level 5:colcon.colcon_core.verb:set package 'testbot' build argument 'cmake_force_configure' from command line to 'False'
[4.923s] Level 5:colcon.colcon_core.verb:set package 'testbot' build argument 'ament_cmake_args' from command line to 'None'
[4.923s] Level 5:colcon.colcon_core.verb:set package 'testbot' build argument 'catkin_cmake_args' from command line to 'None'
[4.923s] Level 5:colcon.colcon_core.verb:set package 'testbot' build argument 'catkin_skip_building_tests' from command line to 'False'
[4.923s] DEBUG:colcon.colcon_core.verb:Building package 'testbot' with the following arguments: {'ament_cmake_args': None, 'build_base': '/home/user/dev_ws/build/testbot', 'catkin_cmake_args': None, 'catkin_skip_building_tests': False, 'cmake_args': None, 'cmake_clean_cache': False, 'cmake_clean_first': False, 'cmake_force_configure': False, 'cmake_target': None, 'cmake_target_skip_unavailable': False, 'install_base': '/home/user/dev_ws/install/testbot', 'merge_install': False, 'path': '/home/user/dev_ws/src/testbot', 'symlink_install': False, 'test_result_base': None}
[4.924s] INFO:colcon.colcon_core.executor:Executing jobs using 'parallel' executor
[4.930s] DEBUG:colcon.colcon_parallel_executor.executor.parallel:run_until_complete
[4.930s] INFO:colcon.colcon_ros.task.ament_cmake.build:Building ROS package in '/home/user/dev_ws/src/testbot' with build type 'ament_cmake'
[4.931s] INFO:colcon.colcon_cmake.task.cmake.build:Building CMake package in '/home/user/dev_ws/src/testbot'
[4.942s] INFO:colcon.colcon_core.plugin_system:Skipping extension 'colcon_core.shell.bat': Not used on non-Windows systems
[4.943s] INFO:colcon.colcon_core.shell:Skip shell extension 'powershell' for command environment: Not usable outside of PowerShell
[4.943s] DEBUG:colcon.colcon_core.shell:Skip shell extension 'dsv' for command environment
[4.964s] DEBUG:colcon.colcon_core.event_handler.log_command:Invoking command in '/home/user/dev_ws/build/testbot': CMAKE_PREFIX_PATH=/opt/ros/humble _=/usr/bin/env /usr/bin/cmake /home/user/dev_ws/src/testbot -DCMAKE_INSTALL_PREFIX=/home/user/dev_ws/install/testbot
[10.846s] DEBUG:colcon.colcon_core.event_handler.log_command:Invoked command in '/home/user/dev_ws/build/testbot' returned '0': CMAKE_PREFIX_PATH=/opt/ros/humble _=/usr/bin/env /usr/bin/cmake /home/user/dev_ws/src/testbot -DCMAKE_INSTALL_PREFIX=/home/user/dev_ws/install/testbot
[10.849s] DEBUG:colcon.colcon_core.event_handler.log_command:Invoking command in '/home/user/dev_ws/build/testbot': CMAKE_PREFIX_PATH=/opt/ros/humble _=/usr/bin/env /usr/bin/cmake --build /home/user/dev_ws/build/testbot -- -j8 -l8
[10.892s] DEBUG:colcon.colcon_core.event_handler.log_command:Invoked command in '/home/user/dev_ws/build/testbot' returned '0': CMAKE_PREFIX_PATH=/opt/ros/humble _=/usr/bin/env /usr/bin/cmake --build /home/user/dev_ws/build/testbot -- -j8 -l8
[10.936s] DEBUG:colcon.colcon_core.event_handler.log_command:Invoking command in '/home/user/dev_ws/build/testbot': CMAKE_PREFIX_PATH=/opt/ros/humble _=/usr/bin/env /usr/bin/cmake --install /home/user/dev_ws/build/testbot
[10.949s] Level 1:colcon.colcon_core.environment:create_environment_scripts_only(testbot)
[10.951s] DEBUG:colcon.colcon_core.event_handler.log_command:Invoked command in '/home/user/dev_ws/build/testbot' returned '0': CMAKE_PREFIX_PATH=/opt/ros/humble _=/usr/bin/env /usr/bin/cmake --install /home/user/dev_ws/build/testbot
[10.963s] Level 1:colcon.colcon_core.environment:checking '/home/user/dev_ws/install/testbot' for CMake module files
[10.964s] Level 1:colcon.colcon_core.environment:checking '/home/user/dev_ws/install/testbot' for CMake config files
[10.964s] Level 1:colcon.colcon_core.shell:create_environment_hook('testbot', 'cmake_prefix_path')
[10.966s] INFO:colcon.colcon_core.shell:Creating environment hook '/home/user/dev_ws/install/testbot/share/testbot/hook/cmake_prefix_path.ps1'
[10.968s] INFO:colcon.colcon_core.shell:Creating environment descriptor '/home/user/dev_ws/install/testbot/share/testbot/hook/cmake_prefix_path.dsv'
[10.969s] INFO:colcon.colcon_core.shell:Creating environment hook '/home/user/dev_ws/install/testbot/share/testbot/hook/cmake_prefix_path.sh'
[10.971s] Level 1:colcon.colcon_core.environment:checking '/home/user/dev_ws/install/testbot/bin'
[10.971s] Level 1:colcon.colcon_core.environment:checking '/home/user/dev_ws/install/testbot/lib/pkgconfig/testbot.pc'
[10.972s] Level 1:colcon.colcon_core.environment:checking '/home/user/dev_ws/install/testbot/lib/python3.10/site-packages'
[10.973s] Level 1:colcon.colcon_core.environment:checking '/home/user/dev_ws/install/testbot/bin'
[10.975s] INFO:colcon.colcon_core.shell:Creating package script '/home/user/dev_ws/install/testbot/share/testbot/package.ps1'
[10.976s] INFO:colcon.colcon_core.shell:Creating package descriptor '/home/user/dev_ws/install/testbot/share/testbot/package.dsv'
[10.978s] INFO:colcon.colcon_core.shell:Creating package script '/home/user/dev_ws/install/testbot/share/testbot/package.sh'
[10.979s] INFO:colcon.colcon_core.shell:Creating package script '/home/user/dev_ws/install/testbot/share/testbot/package.bash'
[10.980s] INFO:colcon.colcon_core.shell:Creating package script '/home/user/dev_ws/install/testbot/share/testbot/package.zsh'
[10.982s] Level 1:colcon.colcon_core.environment:create_file_with_runtime_dependencies(/home/user/dev_ws/install/testbot/share/colcon-core/packages/testbot)
[11.017s] Level 1:colcon.colcon_core.environment:create_environment_scripts_only(testbot)
[11.020s] Level 1:colcon.colcon_core.environment:checking '/home/user/dev_ws/install/testbot' for CMake module files
[11.020s] Level 1:colcon.colcon_core.environment:checking '/home/user/dev_ws/install/testbot' for CMake config files
[11.021s] Level 1:colcon.colcon_core.shell:create_environment_hook('testbot', 'cmake_prefix_path')
[11.023s] INFO:colcon.colcon_core.shell:Creating environment hook '/home/user/dev_ws/install/testbot/share/testbot/hook/cmake_prefix_path.ps1'
[11.023s] INFO:colcon.colcon_core.shell:Creating environment descriptor '/home/user/dev_ws/install/testbot/share/testbot/hook/cmake_prefix_path.dsv'
[11.024s] INFO:colcon.colcon_core.shell:Creating environment hook '/home/user/dev_ws/install/testbot/share/testbot/hook/cmake_prefix_path.sh'
[11.025s] Level 1:colcon.colcon_core.environment:checking '/home/user/dev_ws/install/testbot/bin'
[11.025s] Level 1:colcon.colcon_core.environment:checking '/home/user/dev_ws/install/testbot/lib/pkgconfig/testbot.pc'
[11.025s] Level 1:colcon.colcon_core.environment:checking '/home/user/dev_ws/install/testbot/lib/python3.10/site-packages'
[11.026s] Level 1:colcon.colcon_core.environment:checking '/home/user/dev_ws/install/testbot/bin'
[11.028s] INFO:colcon.colcon_core.shell:Creating package script '/home/user/dev_ws/install/testbot/share/testbot/package.ps1'
[11.028s] INFO:colcon.colcon_core.shell:Creating package descriptor '/home/user/dev_ws/install/testbot/share/testbot/package.dsv'
[11.029s] INFO:colcon.colcon_core.shell:Creating package script '/home/user/dev_ws/install/testbot/share/testbot/package.sh'
[11.030s] INFO:colcon.colcon_core.shell:Creating package script '/home/user/dev_ws/install/testbot/share/testbot/package.bash'
[11.030s] INFO:colcon.colcon_core.shell:Creating package script '/home/user/dev_ws/install/testbot/share/testbot/package.zsh'
[11.031s] Level 1:colcon.colcon_core.environment:create_file_with_runtime_dependencies(/home/user/dev_ws/install/testbot/share/colcon-core/packages/testbot)
[11.031s] DEBUG:colcon.colcon_parallel_executor.executor.parallel:closing loop
[11.032s] DEBUG:colcon.colcon_parallel_executor.executor.parallel:loop closed
[11.032s] DEBUG:colcon.colcon_parallel_executor.executor.parallel:run_until_complete finished with '0'
[11.032s] DEBUG:colcon.colcon_core.event_reactor:joining thread
[11.126s] INFO:colcon.colcon_core.plugin_system:Skipping extension 'colcon_notification.desktop_notification.notify_send': Could not find 'notify-send'
[11.126s] INFO:colcon.colcon_core.plugin_system:Skipping extension 'colcon_notification.desktop_notification.terminal_notifier': Not used on non-Darwin systems
[11.127s] INFO:colcon.colcon_core.plugin_system:Skipping extension 'colcon_notification.desktop_notification.win32': Not used on non-Windows systems
[11.127s] INFO:colcon.colcon_notification.desktop_notification:Sending desktop notification using 'notify2'
[11.190s] DEBUG:colcon.colcon_notification.desktop_notification.notify2:Failed to initialize notify2: org.freedesktop.DBus.Error.Spawn.ExecFailed: /usr/bin/dbus-launch terminated abnormally without any error message
[11.191s] DEBUG:colcon.colcon_core.event_reactor:joined thread
[11.193s] INFO:colcon.colcon_core.shell:Creating prefix script '/home/user/dev_ws/install/local_setup.ps1'
[11.195s] INFO:colcon.colcon_core.shell:Creating prefix util module '/home/user/dev_ws/install/_local_setup_util_ps1.py'
[11.198s] INFO:colcon.colcon_core.shell:Creating prefix chain script '/home/user/dev_ws/install/setup.ps1'
[11.200s] INFO:colcon.colcon_core.shell:Creating prefix script '/home/user/dev_ws/install/local_setup.sh'
[11.201s] INFO:colcon.colcon_core.shell:Creating prefix util module '/home/user/dev_ws/install/_local_setup_util_sh.py'
[11.202s] INFO:colcon.colcon_core.shell:Creating prefix chain script '/home/user/dev_ws/install/setup.sh'
[11.205s] INFO:colcon.colcon_core.shell:Creating prefix script '/home/user/dev_ws/install/local_setup.bash'
[11.207s] INFO:colcon.colcon_core.shell:Creating prefix chain script '/home/user/dev_ws/install/setup.bash'
[11.210s] INFO:colcon.colcon_core.shell:Creating prefix script '/home/user/dev_ws/install/local_setup.zsh'
[11.211s] INFO:colcon.colcon_core.shell:Creating prefix chain script '/home/user/dev_ws/install/setup.zsh'
